[1m@storybook/core v8.5.8
[22m
info => Cleaning outputDir: [36m..\..\..\AppData\Local\Temp\chromatic--4660-oq2cv13mK1KU[39m
info => Loading presets
info => Building manager..
WARN unable to find package.json for @chromatic-com/shared-e2e
WARN unable to find package.json for @rrweb/types
WARN unable to find package.json for @storybook/types
WARN unable to find package.json for express
info => Manager built ([38;2;181;126;229m303 ms[39m)
info => Building preview..
info Addon-docs: using MDX3
info => Using implicit CSS loaders
info => Using default Webpack5 setup
info => Copying static files: [36mtest-results\chromatic-archives\archive[39m at [36m..\..\..\AppData\Local\Temp\chromatic--4660-oq2cv13mK1KU[39m
WARN asset size limit: The following asset(s) exceed the recommended size limit (244 KiB).
WARN This can impact web performance.
WARN Assets: 
WARN   642.7bfe6cda.iframe.bundle.js (1.33 MiB)
info => Preview built ([38;2;181;126;229m9.35 s[39m)
info => Output directory: C:\Users\LENOVO\AppData\Local\Temp\chromatic--4660-oq2cv13mK1KU
